[   0.000000] Initializing cgroup subsys cpuset
[    0.000000] Initializing cgroup subsys cpu
[    0.000000] Initializing cgroup subsys cpuacct
[    0.000000] Linux version 4.4.0-171-generic (buildd@lcy01-amd64-018) (gcc version 5.4.0 20160609 (Ubuntu 5.4.0-6ubuntu~16.04.12) ) #200-Ubuntu SMP Tue Dec 3 11:04:55 UTC 2019 (Ubuntu 4.4.0-171.200-generic 4.4.203)
[    0.000000] Command line: BOOT_IMAGE=/boot/vmlinuz-4.4.0-171-generic root=LABEL=cloudimg-rootfs ro console=tty1 console=ttyS0
[    0.000000] KERNEL supported cpus:
[    0.000000]   Intel GenuineIntel
[    0.000000]   AMD AuthenticAMD
[    0.000000]   Centaur CentaurHauls
[    0.000000] x86/fpu: xstate_ofset[2]:  576, xstate_sizes[2]:  256
[    0.000000] x86/fpu: Supporting XSAVE feature 0x01: 'x87 floating point registers'
[   0.000000] x86/fpu: Supporting XSAVE feature 0x02: 'SSE registers'
[    0.000000] x86/fpu: Supporting XSAVE feature 0x04: 'AVX registers'
[   0.00000 x86/fpu: Enable xat features 0x7, context size is 832 bytes, using 'standard' format.
[    0.000000] e820: BIOS-provided physical RAM map:
[    0.000000] BIOS-e820: [mem 0x0000000000000000-0x000000000009fbff] usable
[    0.000000] BIOS-e820: [mem 0x000000000009fc00-0x000000000009ffff] reserved
[    0.000000] BIOS-e820: [mem 0x00000000000f0000-0x00000000000fffff] reserved
[    0.000000] BIOS-e820: [mem 00000000000100000-0x000000007ffeffff] usable
[    0.000000] BIOS-e820: [mem 0x000000007fff0000-0x000000007ffffff] ACPI data
[    0.000000] BIOSe820: [mem 0x00000000fec0000-0x00000000fec00fff] reserved
[    0.000000] BIOS-e80: em 000000000fee00000-0x0000000fee00fff] reserved
[    0.000000] BIOS-e820: [mem 0x00000000fffc0000-0x00000000ffffffff] reserved
[    0.000000] NX (Execute Disable) protection: active
[    0.000000] SMBIOS 2.5 pesen.
[    0.000000] ypvisor detected: KVM
[    0.000000] e820: last_pfn = 0x7fff0 max_arch_pfn = 0x400000000
[    0.000000] MTRR: Disabled
[    0.000000] x86/PAT: MTRRs disabled, skipping PAT initialization too.
[    0.000000] CPU MTRRs all blank - virtualized system.
[    0.000000] x86/PAT: Configuration [0-7]: WB  WT  UC- UC  WB  WT  UC- UC  
[    0.000000] found SMP MP-table at [mem 0x0009fff0-0x0009ffff] mapped at [ffff88000009fff0
[    0.000000] Scannin 1 areasfor low memory corruption
[    0.000000] RAMDISK: [mem 0x362e2000-0x37168fff]
[    0.000000] ACPI: Early table checksum verification disabled
[    0.000000] ACPI: RSDP 0x00000000000E0000 000024 (v02 VBOX  )
[    0.000000] ACPI: XSDT 0x000000007FFF0030 00003C (v01 VBOX   VBOXXSDT 00000001 ASL  00000061)
[    0.000000] ACPI: FACP 0x000000007FFF00F0 0000F4 (v04 VBOX   VBOXFACP 00000001 ASL  00000061)
[    0.000000] ACPI: DSDT 0x000000007FFF0470 0021FF (v02 VBOX   VBOXBIOS 00000002 INTL 20180105)
[    0.000000] ACPI: FACS 0x000000007FFF0200 000040
[    0.000000] ACPI: FACS 0x000000007FFF0200 000040
[    0.000000] ACPI: APIC 0x000000007FFF0240 00005C (v02 VBOX   VBOXAPIC 00000001 ASL  00000061)
[    0.000000] ACPI: SSDT 0x000000007FFF02A0 0001CC (v01 VBOX   VBOXCPUT 00000002 INTL 20180105)
[    0.000000] No NUMA configuration found
[    0.000000] Faking a node at [mem 0x0000000000000000-0x000000007ffeffff]
[    0.000000] NODE_DATA(0) allocated [mem 0x7ffeb000-0x7ffeffff]
[    0.000000] kvm-clock: Using msrs 4b564d01 and 4b564d00
[    0.000000] kvm-clock: cpu 0, msr 0:7ffe3001, primary cpu clock
[    0.000000] kvm-clock: using sched offset of 3903913081 cycles
[    0.000000] clocksource: kvm-clock: mask: 0xffffffffffffffff max_cycles: 0x1cd42e4dffb, max_idle_ns: 881590591483 ns
[    0.000000] Zone ranges:
[    0.000000]   DMA      [mem 0x0000000000001000-0x0000000000ffffff]
[    0.000000]   DMA32    [mem 0x0000000001000000-0x000000007ffeffff]
[    0.000000]   Normal   empty
[    0.000000]   Device   empty
[    0.000000] Movable zone start for each node
[    0.000000] Early memory node ranges
[    0.000000]   node   0: [mem 0x0000000000001000-0x000000000009efff]
[    0.000000]   node   0: [mem 0x0000000000100000-0x000000007ffeffff]
[    0.000000] Initmem setup node 0 [mem 0x0000000000001000-0x000000007ffeffff]
[    0.000000] ACPI: PM-Timer IO Port: 0x4008
[    0.000000] IOAPIC[0]: apic_id 2, version 32, address 0xfec00000, GSI 0-23
[    0.000000] ACPI: INT_SRC_OVR (bus 0 bus_irq 0 global_irq 2 dfl dfl)
[    0.000000] ACPI: INT_SRC_OVR (bus 0 bus_irq 9 global_irq 9 low level)
[    0.000000] Using ACPI (MADT) for SMP configuration information
[    0.000000] smpboot: Allowing 2 CPUs, 0 hotplug CPUs
[    0.000000] PM: Registered nosave memory: [mem 0x00000000-0x00000fff]
[    0.000000] PM: Registered nosave memory: [mem 0x0009f000-0x0009ffff]
[    0.000000] PM: Registered nosave memory: [mem 0x000a0000-0x000effff]
[    0.000000] PM: Registered nosave memory: [mem 0x000f0000-0x000fffff]
[    0.000000] e820: [mem 0x80000000-0xfebfffff] available for PCI devices
[    0.000000] Booting paravirtualized kernel on KVM
[    0.000000] clocksource: refined-jiffies: mask: 0xffffffff max_cycles: 0xffffffff, max_idle_ns: 7645519600211568 ns
[    0.000000] setup_percpu: NR_CPUS:512 nr_cpumask_bits:512 nr_cpu_ids:2 nr_node_ids:1
[    0.000000] PERCPU: Embedded 33 pages/cpu @ffff88007fc00000 s95448 r8192 d31528 u1048576
[    0.000000] Built 1 zonelists in Node order, mobility grouping on.  Total pages: 515960
[    0.000000] Policy zone: DMA32
[    0.000000] Kernel command line: BOOT_IMAGE=/boot/vmlinuz-4.4.0-171-generic root=LABEL=cloudimg-rootfs ro console=tty1 console=ttyS0
[    0.000000] PID hash table entries: 4096 (order: 3, 32768 bytes)
[    0.000000] Memory: 2029872K/2096696K available (8626K kernel code, 1336K rwdata, 4032K rodata, 1488K init, 1288K bss, 66824K reserved, 0K cma-reserved)
[    0.000000] SLUB: HWalign=64, Order=0-3, MinObjects=0, CPUs=2, Nodes=1
[    0.000000] Kernel/User page tables isolation: enabled
[    0.000000] Hierarchical RCU implementation.
[    0.000000] 	Build-time adjustment of leaf fanout to 64.
[    0.000000] 	RCU restricting CPUs from NR_CPUS=512 to nr_cpu_ids=2.
[    0.000000] RCU: Adjusting geometry for rcu_fanout_leaf=64, nr_cpu_ids=2
[    0.000000] NR_IRQS:33024 nr_irqs:440 16
[    0.000000] Console: colour VGA+ 80x25
[    0.000000] console [tty1] enabled
[    0.000000] console [ttyS0] enabled
[    0.000000] tsc: Detected 2693.752 MHz processor
[    0.472196] Calibrating delay loop (skipped) preset value.. 5387.50 BogoMIPS (lpj=10775008)
[    0.473586] pid_max: default: 32768 minimum: 301
[    0.474351] ACPI: Core revision 20150930
[    0.475726] ACPI: 2 ACPI AML tables successfully acquired and loaded
[    0.476834] Security Framework initialized
[    0.477534] Yama: becoming mindful.
[    0.478144] AppArmor: AppArmor initialized
[    0.479592] Dentry cache hash table entries: 262144 (order: 9, 2097152 bytes)
[    0.481141] Inode-cache hash table entries: 131072 (order: 8, 1048576 bytes)
[    0.483265] Mount-cache hash table entries: 4096 (order: 3, 32768 bytes)
[    0.484295] Mountpoint-cache hash table entries: 4096 (order: 3, 32768 bytes)
[    0.495432] Initializing cgroup subsys io
[    0.496463] Initializing cgroup subsys memory
[    0.497545] Initializing cgroup subsys devices
[    0.498552] Initializing cgroup subsys freezer
[    0.499289] Initializing cgroup subsys net_cls
[    0.500042] Initializing cgroup subsys perf_event
[    0.500791] Initializing cgroup subsys net_prio
[    0.501522] Initializing cgroup subsys hugetlb
[    0.502242] Initializing cgroup subsys pids
[    0.503840] mce: CPU supports 0 MCE banks
[    0.504561] Last level iTLB entries: 4KB 64, 2MB 8, 4MB 8
[    0.505412] Last level dTLB entries: 4KB 64, 2MB 0, 4MB 0, 1GB 4
[    0.506320] Spectre V1 : Mitigation: usercopy/swapgs barriers and __user pointer sanitization
[    0.507678] Spectre V2 : Mitigation: Full generic retpoline
[    0.514012] Spectre V2 : Spectre v2 / SpectreRSB mitigation: Filling RSB on context switch
[    0.515734] Speculative Store Bypass: Vulnerable
[    0.516749] MDS: Mitigation: Clear CPU buffers
[    0.521115] Freeing SMP alternatives memory: 36K
[    0.526811] ftrace: allocating 32302 entries in 127 pages
[    0.569722] smpboot: APIC(0) Converting physical 0 to logical package 0
[    0.575986] smpboot: Max logical packages: 1
[    0.576910] x2apic enabled
[    0.577635] Switched APIC routing to physical x2apic.
[    0.579342] ..TIMER: vector=0x30 apic1=0 pin1=2 apic2=-1 pin2=-1
[    0.688328] smpboot: CPU0: Intel(R) Core(TM) i7-5700HQ CPU @ 2.70GHz (family: 0x6, model: 0x47, stepping: 0x1)
[    0.695262] Performance Events: unsupported p6 CPU model 71 no PMU driver, software events only.
[    0.704946] KVM setup paravirtual spinlock
[    0.706960] x86: Booting SMP configuration:
[    0.707673] .... node  #0, CPUs:      #1
[    0.708419] kvm-clock: cpu 1, msr 0:7ffe3041, secondary cpu clock
[    0.709897] mce: CPU supports 0 MCE banks
[    0.723714] x86: Booted up 1 node, 2 CPUs
[    0.724553] smpboot: Total of 2 processors activated (10775.00 BogoMIPS)
[    0.731141] devtmpfs: initialized
[    0.732929] evm: security.selinux
[    0.733544] evm: security.SMACK64
[    0.737324] evm: security.SMACK64EXEC
[    0.740324] evm: security.SMACK64TRANSMUTE
[    0.744818] evm: security.SMACK64MMAP
[    0.745431] evm: security.ima
[    0.745961] evm: security.capability
[    0.746746] clocksource: jiffies: mask: 0xffffffff max_cycles: 0xffffffff, max_idle_ns: 7645041785100000 ns
[    0.748189] futex hash table entries: 512 (order: 3, 32768 bytes)
[    0.753809] pinctrl core: initialized pinctrl subsystem
[    0.781683] RTC time:  4:11:33, date: 01/23/20
[    0.785841] NET: Registered protocol family 16
[    0.801432] cpuidle: using governor ladder
[    0.813186] cpuidle: using governor menu
[    0.814560] PCCT header not found.
[    0.815843] ACPI: bus type PCI registered
[    0.817234] acpiphp: ACPI Hot Plug PCI Controller Driver version: 0.5
[    0.819592] PCI: Using configuration type 1 for base access
[    0.834215] ACPI: Added _OSI(Module Device)
[    0.835230] ACPI: Added _OSI(Processor Device)
[    0.836136] ACPI: Added _OSI(3.0 _SCP Extensions)
[    0.837065] ACPI: Added _OSI(Processor Aggregator Device)
[    0.838670] ACPI: Executed 1 blocks of module-level executable AML code
[    0.841685] ACPI: Interpreter enabled
[    0.847778] ACPI: (supports S0 S5)
[    0.848497] ACPI: Using IOAPIC for interrupt routing
[    0.849591] PCI: Using host bridge windows from ACPI; if necessary, use "pci=nocrs" and report a bug
[    0.854171] ACPI: PCI Root Bridge [PCI0] (domain 0000 [bus 00-ff])
[    0.865850] acpi PNP0A03:00: _OSC: OS supports [ASPM ClockPM Segments MSI]
[    0.867077] acpi PNP0A03:00: _OSC: not requesting OS control; OS requires [ExtendedConfig ASPM ClockPM MSI]
[    0.868842] acpi PNP0A03:00: fail to add MMCONFIG information, can't access extended PCI configuration space under this bridge.
[    0.874237] PCI host bridge to bus 0000:00
[    0.875051] pci_bus 0000:00: root bus resource [io  0x0000-0x0cf7 window]
[    0.876243] pci_bus 0000:00: root bus resource [io  0x0d00-0xffff window]
[    0.877468] pci_bus 0000:00: root bus resource [mem 0x000a0000-0x000bffff window]
[    0.878916] pci_bus 0000:00: root bus resource [mem 0x80000000-0xfdffffff window]
[    0.880357] pci_bus 0000:00: root bus resource [bus 00-ff]
[    0.882689] pci 0000:00:01.1: legacy IDE quirk: reg 0x10: [io  0x01f0-0x01f7]
[    0.883939] pci 0000:00:01.1: legacy IDE quirk: reg 0x14: [io  0x03f6]
[    0.885095] pci 0000:00:01.1: legacy IDE quirk: reg 0x18: [io  0x0170-0x0177]
[    0.886341] pci 0000:00:01.1: legacy IDE quirk: reg 0x1c: [io  0x0376]
[    0.923361] pci 0000:00:07.0: quirk: [io  0x4000-0x403f] claimed by PIIX4 ACPI
[    0.924912] pci 0000:00:07.0: quirk: [io  0x4100-0x410f] claimed by PIIX4 SMB
[    0.937174] ACPI: PCI Interrupt Link [LNKA] (IRQs 5 9 10 *11)
[    0.938908] ACPI: PCI Interrupt Link [LNKB] (IRQs 5 9 *10 11)
[    0.940357] ACPI: PCI Interrupt Link [LNKC] (IRQs 5 *9 10 11)
[    0.941795] ACPI: PCI Interrupt Link [LNKD] (IRQs 5 9 10 *11)
[    0.943268] ACPI: Enabled 2 GPEs in block 00 to 07
[    0.944556] vgaarb: setting as boot device: PCI:0000:00:02.0
[    0.945652] vgaarb: device added: PCI:0000:00:02.0,decodes=io+mem,owns=io+mem,locks=none
[    0.947230] vgaarb: loaded
[    0.947837] vgaarb: bridge control possible 0000:00:02.0
[    0.949033] SCSI subsystem initialized
[    0.949935] ACPI: bus type USB registered
[    0.950758] usbcore: registered new interface driver usbfs
[    0.951779] usbcore: registered new interface driver hub
[    0.952778] usbcore: registered new device driver usb
[    0.953987] PCI: Using ACPI for IRQ routing
[    0.955055] NetLabel: Initializing
[    0.955762] NetLabel:  domain hash size = 128
[    0.956596] NetLabel:  protocols = UNLABELED CIPSOv4
[    0.957582] NetLabel:  unlabeled traffic allowed by default
[    0.958757] amd_nb: Cannot enumerate AMD northbridges
[    0.959749] clocksource: Switched to clocksource kvm-clock
[    0.966703] AppArmor: AppArmor Filesystem Enabled
[    0.967708] pnp: PnP ACPI init
[    0.969009] pnp: PnP ACPI: found 3 devices
[    0.978543] clocksource: acpi_pm: mask: 0xffffff max_cycles: 0xffffff, max_idle_ns: 2085701024 ns
[    0.980281] NET: Registered protocol family 2
[    0.981349] TCP established hash table entries: 16384 (order: 5, 131072 bytes)
[    0.982803] TCP bind hash table entries: 16384 (order: 6, 262144 bytes)
[    0.984016] TCP: Hash tables configured (established 16384 bind 16384)
[    0.985198] UDP hash table entries: 1024 (order: 3, 32768 bytes)
[    0.986292] UDP-Lite hash table entries: 1024 (order: 3, 32768 bytes)
[    0.987491] NET: Registered protocol family 1
[    0.988374] pci 0000:00:00.0: Limiting direct PCI/PCI transfers
[    0.989477] pci 0000:00:01.0: Activating ISA DMA hang workarounds
[    0.990695] Unpacking initramfs...
[    1.164760] Freeing initrd memory: 14876K
[    1.189429] clocksource: tsc: mask: 0xffffffffffffffff max_cycles: 0x26d4304ecd9, max_idle_ns: 440795282364 ns
[    1.240615] platform rtc_cmos: registered platform RTC device (no PNP device found)
[    1.242466] Scanning for low memory corruption every 60 seconds
[    1.244178] audit: initializing netlink subsys (disabled)
[    1.245429] audit: type=2000 audit(1579752699.060:1): initialized
[    1.248382] Initialise system trusted keyring
[    1.249941] HugeTLB registered 2 MB page size, pre-allocated 0 pages
[    1.253038] zbud: loaded
[    1.254152] VFS: Disk quotas dquot_6.6.0
[    1.255155] VFS: Dquot-cache hash table entries: 512 (order 0, 4096 bytes)
[    1.256947] squashfs: version 4.0 (2009/01/31) Phillip Lougher
[    1.258569] fuse init (API version 7.23)
[    1.259654] Key type big_key registered
[    1.260662] Allocating IMA MOK and blacklist keyrings.
[    1.262812] Key type asymmetric registered
[    1.263802] Asymmetric key parser 'x509' registered
[    1.265002] Block layer SCSI generic (bsg) driver version 0.4 loaded (major 249)
[    1.266862] io scheduler noop registered
[    1.267819] io scheduler deadline registered (default)
[    1.269067] io scheduler cfq registered
[    1.270130] pci_hotplug: PCI Hot Plug PCI Core version: 0.5
[    1.271361] pciehp: PCI Express Hot Plug Controller Driver version: 0.4
[    1.289206] ACPI: AC Adapter [AC] (on-line)
[    1.289950] input: Power Button as /devices/LNXSYSTM:00/LNXPWRBN:00/input/input0
[    1.291134] ACPI: Power Button [PWRF]
[    1.291869] input: Sleep Button as /devices/LNXSYSTM:00/LNXSLPBN:00/input/input1
[    1.293048] ACPI: Sleep Button [SLPF]
[    1.300745] GHES: HEST is not enabled!
[    1.301923] ACPI: Battery Slot [BAT0] (battery present)
[    1.302767] Serial: 8250/16550 driver, 32 ports, IRQ sharing enabled
[    1.325358] 00:02: ttyS0 at I/O 0x3f8 (irq = 4, base_baud = 115200) is a 16550A
[    1.341861] Linux agpgart interface v0.103
[    1.344720] loop: module loaded
[    1.345846] scsi host0: ata_piix
[    1.346546] scsi host1: ata_piix
[    1.347140] ata1: PATA max UDMA/33 cmd 0x1f0 ctl 0x3f6 bmdma 0xd000 irq 14
[    1.348110] ata2: PATA max UDMA/33 cmd 0x170 ctl 0x376 bmdma 0xd008 irq 15
[    1.349438] libphy: Fixed MDIO Bus: probed
[    1.350113] tun: Universal TUN/TAP device driver, 1.6
[    1.350884] tun: (C) 1999-2004 Max Krasnyansky <maxk@qualcomm.com>
[    1.351838] PPP generic driver version 2.4.2
[    1.359270] ehci_hcd: USB 2.0 'Enhanced' Host Controller (EHCI) Driver
[    1.360246] ehci-pci: EHCI PCI platform driver
[    1.360961] ehci-platform: EHCI generic platform driver
[    1.361764] ohci_hcd: USB 1.1 'Open' Host Controller (OHCI) Driver
[    1.362657] ohci-pci: OHCI PCI platform driver
[    1.363355] ohci-platform: OHCI generic platform driver
[    1.364175] uhci_hcd: USB Universal Host Controller Interface driver
[    1.365141] i8042: PNP: PS/2 Controller [PNP0303:PS2K,PNP0f03:PS2M] at 0x60,0x64 irq 1,12
[    1.366850] serio: i8042 KBD port at 0x60,0x64 irq 1
[    1.367615] serio: i8042 AUX port at 0x60,0x64 irq 12
[    1.368511] mousedev: PS/2 mouse device common for all mice
[    1.369676] rtc_cmos rtc_cmos: rtc core: registered rtc_cmos as rtc0
[    1.374393] rtc_cmos rtc_cmos: alarms up to one day, 114 bytes nvram
[    1.375417] i2c /dev entries driver
[    1.376105] input: AT Translated Set 2 keyboard as /devices/platform/i8042/serio0/input/input2
[    1.377619] device-mapper: uevent: version 1.0.3
[    1.378406] device-mapper: ioctl: 4.34.0-ioctl (2015-10-28) initialised: dm-devel@redhat.com
[    1.381795] ledtrig-cpu: registered to indicate activity on CPUs
[    1.433160] NET: Registered protocol family 10
[    1.434434] NET: Registered protocol family 17
[    1.435212] Key type dns_resolver registered
[    1.436102] registered taskstats version 1
[    1.436801] Loading compiled-in X.509 certificates
[    1.438096] Loaded X.509 cert 'Build time autogenerated kernel key: e951a32ceec0422669d36e9913b2c7dea5e0a587'
[    1.439625] zswap: loaded using pool lzo/zbud
[    1.441955] Key type trusted registered
[    1.445287] Key type encrypted registered
[    1.445990] AppArmor: AppArmor sha1 policy hashing enabled
[    1.446877] ima: No TPM chip found, activating TPM-bypass!
[    1.447696] ima: Allocated hash algorithm: sha1
[    1.448447] evm: HMAC attrs: 0x1
[    1.449228]   Magic number: 4:734:161
[    1.449946] rtc_cmos rtc_cmos: setting system clock to 2020-01-23 04:11:34 UTC (1579752694)
[    1.451354] BIOS EDD facility v0.16 2004-Jun-25, 0 devices found
[    1.488101] EDD information not available.
[    1.504965] Freeing unused kernel memory: 1488K
[    1.579497] Write protecting the kernel read-only data: 14336k
[    1.581042] Freeing unused kernel memory: 1604K
[    1.582050] Freeing unused kernel memory: 64K
Loading, please wait...
starting version[    1.595596] random: systemd-udevd: uninitialized urandom read (16 bytes read, 3 bits of entropy available)
 229
[    1.596282] random: udevadm: uninitialized urandom read (16 bytes read, 3 bits of entropy available)
[    1.596300] random: udevadm: uninitialized urandom read (16 bytes read, 3 bits of entropy available)
[    1.603512] random: udevadm: uninitialized urandom read (16 bytes read, 3 bits of entropy available)
[    1.603548] random: udevadm: uninitialized urandom read (16 bytes read, 3 bits of entropy available)
[    1.603657] random: udevadm: uninitialized urandom read (16 bytes read, 3 bits of entropy available)
[    1.603695] random: udevadm: uninitialized urandom read (16 bytes read, 3 bits of entropy available)
[    1.603734] random: udevadm: uninitialized urandom read (16 bytes read, 3 bits of entropy available)
[    1.603772] random: udevadm: uninitialized urandom read (16 bytes read, 3 bits of entropy available)
[    1.603813] random: udevadm: uninitialized urandom read (16 bytes read, 3 bits of entropy available)
[    1.675751] e1000: Intel(R) PRO/1000 Network Driver - version 7.3.21-k8-NAPI
[    1.682034] e1000: Copyright (c) 1999-2006 Intel Corporation.
[    1.684358] Fusion MPT base driver 3.04.20
[    1.685087] Copyright (c) 1999-2008 LSI Corporation
[    1.700457] AVX2 version of gcm_enc/dec engaged.
[    1.729165] AES CTR mode by8 optimization enabled
[    1.746499] Fusion MPT SPI Host driver 3.04.20
[    1.950693] input: ImExPS/2 Generic Explorer Mouse as /devices/platform/i8042/serio1/input/input4
[    2.049794] e1000 0000:00:03.0 eth0: (PCI:33MHz:32-bit) 02:dd:a3:75:e5:c1
[    2.100500] e1000 0000:00:03.0 eth0: Intel(R) PRO/1000 Network Connection
[    2.104310] mptbase: ioc0: Initiating bringup
[    2.104820] e1000 0000:00:03.0 enp0s3: renamed from eth0
[    2.178994] ioc0: LSI53C1030 A0: Capabilities={Initiator}
[    3.283222] scsi host2: ioc0: LSI53C1030 A0, FwRev=00000000h, Ports=1, MaxQ=256, IRQ=20
[    3.957690] scsi 2:0:0:0: Direct-Access     VBOX     HARDDISK         1.0  PQ: 0 ANSI: 5
[    3.964221] scsi target2:0:0: Beginning Domain Validation
[    3.968821] scsi target2:0:0: Domain Validation skipping write tests
[    3.974963] scsi target2:0:0: Ending Domain Validation
[    3.975822] scsi target2:0:0: asynchronous
[    3.979683] scsi 2:0:1:0: Direct-Access     VBOX     HARDDISK         1.0  PQ: 0 ANSI: 5
[    3.980987] scsi target2:0:1: Beginning Domain Validation
[    3.982409] scsi target2:0:1: Domain Validation skipping write tests
[    3.983333] scsi target2:0:1: Ending Domain Validation
[    3.991743] scsi target2:0:1: asynchronous
[    4.053955] sd 2:0:0:0: Attached scsi generic sg0 type 0
[    4.054844] sd 2:0:0:0: [sda] 20971520 512-byte logical blocks: (10.7 GB/10.0 GiB)
[    4.056502] sd 2:0:1:0: [sdb] 20480 512-byte logical blocks: (10.5 MB/10.0 MiB)
[    4.057763] sd 2:0:0:0: [sda] Write Protect is off
[    4.057853] sd 2:0:1:0: [sdb] Write Protect is off
[    4.057911] sd 2:0:1:0: [sdb] Incomplete mode parameter data
[    4.057913] sd 2:0:1:0: [sdb] Assuming drive cache: write through
[    4.065598] sd 2:0:1:0: Attached scsi generic sg1 type 0
[    4.083314] sd 2:0:0:0: [sda] Incomplete mode parameter data
[    4.084186] sd 2:0:0:0: [sda] Assuming drive cache: write through
[    4.089833]  sda: sda1
[    4.101300] sd 2:0:0:0: [sda] Attached SCSI disk
[    4.112288] sd 2:0:1:0: [sdb] Attached SCSI disk
Begin: Loading essential drivers ... [    5.457036] md: linear personality registered for level -1
[    5.460155] md: multipath personality registered for level -4
[    5.463315] md: raid0 personality registered for level 0
[    5.467323] md: raid1 personality registered for level 1
[    5.546179] raid6: sse2x1   gen() 11600 MB/s
[    5.619794] raid6: sse2x1   xor()  8383 MB/s
[    5.691788] raid6: sse2x2   gen() 13625 MB/s
[    5.763760] raid6: sse2x2   xor()  9078 MB/s
[    5.835794] raid6: sse2x4   gen() 15977 MB/s
[    5.907806] raid6: sse2x4   xor() 10028 MB/s
[    5.979794] raid6: avx2x1   gen() 21353 MB/s
[    6.051792] raid6: avx2x2   gen() 24685 MB/s
[    6.123792] raid6: avx2x4   gen() 28095 MB/s
[    6.129773] raid6: using algorithm avx2x4 gen() 28095 MB/s
[    6.132593] raid6: using avx2x2 recovery algorithm
[    6.134588] xor: automatically using best checksumming function:
[    6.201387]    avx       : 91706.000 MB/sec
[    6.213619] async_tx: api initialized (async)
[    6.222655] md: raid6 personality registered for level 6
[    6.232054] md: raid5 personality registered for level 5
[    6.232921] md: raid4 personality registered for level 4
[    6.239140] md: raid10 personality registered for level 10
done.
Begin: Running /scripts/init-premount ... done.
Begin: Mounting root file system ... Begin: Running /scripts/local-top ... done.
Begin: Running /scripts/local-premount ... [    6.267427] Btrfs loaded
Scanning for Btrfs filesystems
done.
Warning: fsck not present, so skipping root file system
[    6.322080] EXT4-fs (sda1): mounted filesystem with ordered data mode. Opts: (null)
done.
Begin: Running /scripts/local-bottom ... done.
Begin: Running /scripts/init-bottom ... done.
[    6.840514] systemd[1]: systemd 229 running in system mode. (+PAM +AUDIT +SELINUX +IMA +APPARMOR +SMACK +SYSVINIT +UTMP +LIBCRYPTSETUP +GCRYPT +GNUTLS +ACL +XZ -LZ4 +SECCOMP +BLKID +ELFUTILS +KMOD -IDN)
[    6.901405] systemd[1]: Detected virtualization oracle.
[    6.902283] systemd[1]: Detected architecture x86-64.

Welcome to [1mUbuntu 16.04.6 LTS[0m!

[    6.932347] systemd[1]: Set hostname to <ubuntu>.
[    6.965843] systemd[1]: Initializing machine ID from random generator.
[    6.967785] systemd[1]: Installed transient /etc/machine-id file.
[    7.314577] random: nonblocking pool is initialized
[    7.461651] systemd[1]: Started Forward Password Requests to Wall Directory Watch.
[[0;32m  OK  [0m] Started Forward Password Requests to Wall Directory Watch.
[    7.476721] systemd[1]: Created slice User and Session Slice.
[[0;32m  OK  [0m] Created slice User and Session Slice.
[    7.478481] systemd[1]: Listening on udev Kernel Socket.
[[0;32m  OK  [0m] Listening on udev Kernel Socket.
[    7.480147] systemd[1]: Started Trigger resolvconf update for networkd DNS.
[[0;32m  OK  [0m] Started Trigger resolvconf update for networkd DNS.
[    7.482123] systemd[1]: Listening on LVM2 poll daemon socket.
[[0;32m  OK  [0m] Listening on LVM2 poll daemon socket.
[    7.483895] systemd[1]: Listening on udev Control Socket.
[[0;32m  OK  [0m] Listening on udev Control Socket.
[    7.485569] systemd[1]: Reached target System Time Synchronized.
[[0;32m  OK  [0m] Reached target System Time Synchronized.
[    7.490925] systemd[1]: Reached target Encrypted Volumes.
[[0;32m  OK  [0m] Reached target Encrypted Volumes.
[    7.492799] systemd[1]: Created slice System Slice.
[[0;32m  OK  [0m] Created slice System Slice.
[    7.494481] systemd[1]: Set up automount Arbitrary Executable File Formats File System Automount Point.
[[0;32m  OK  [0m] Set up automount Arbitrary Executab...ats File System Automount Point.
[    7.497060] systemd[1]: Listening on Syslog Socket.
[[0;32m  OK  [0m] Listening on Syslog Socket.
[    7.498640] systemd[1]: Reached target Slices.
[[0;32m  OK  [0m] Reached target Slices.
[    7.500217] systemd[1]: Listening on Device-mapper event daemon FIFOs.
[[0;32m  OK  [0m] Listening on Device-mapper event daemon FIFOs.
[    7.502172] systemd[1]: Listening on LVM2 metadata daemon socket.
[[0;32m  OK  [0m] Listening on LVM2 metadata daemon socket.
[    7.504244] systemd[1]: Created slice system-serial\x2dgetty.slice.
[[0;32m  OK  [0m] Created slice system-serial\x2dgetty.slice.
[    7.506178] systemd[1]: Listening on Journal Socket.
[[0;32m  OK  [0m] Listening on Journal Socket.
[    7.519929] systemd[1]: Mounting POSIX Message Queue File System...
         Mounting POSIX Message Queue File System...
[    7.522952] systemd[1]: Starting Uncomplicated firewall...
         Starting Uncomplicated firewall...
[    7.529647] systemd[1]: Starting Nameserver information manager...
         Starting Nameserver information manager...
[    7.542999] systemd[1]: Starting Create list of required static device nodes for the current kernel...
         Starting Create list of required st... nodes for the current kernel...
[    7.546572] systemd[1]: Starting Set console keymap...
         Starting Set console keymap...
[    7.555907] systemd[1]: Starting Load Kernel Modules...
         Starting Load Kernel Modules...
[    7.564082] systemd[1]: Listening on Journal Socket (/dev/log).
[[0;32m  OK  [0m] Listening on Journal Socket (/dev/log).
[    7.566245] systemd[1]: Reached target Swap.
[[0;32m  OK  [0m] Reached target Swap.
[    7.568735] systemd[1]: Starting Remount Root and Kernel File Systems...
         Starting Remount Root and Kernel File Systems...
[    7.572041] systemd[1]: Reached target User and Group Name Lookups.
[[0;32m  OK  [0m] Reached target User and Group Name Lookups.
[    7.574941] systemd[1]: Listening on Journal Audit Socket.
[[0;32m  OK  [0m] Listening on Journal Audit Socket.
[    7.577885] systemd[1]: Starting Journal Service...
         Starting Journal Service...
[    7.579744] systemd[1]: Listening on /dev/initctl Compatibility Named Pipe.
[[0;32m  OK  [0m] Listening on /dev/initctl Compatibility Named Pipe.
[    7.582595] systemd[1]: Starting Monitoring of LVM2 mirrors, snapshots etc. using dmeventd or progress polling...
         Starting Monitoring of LVM2 mirrors... dmeventd or progress polling...
[    7.586130] systemd[1]: Mounting Debug File System...
         [    7.587568] EXT4-fs (sda1): re-mounted. Opts: (null)
Mounting Debug File System...
[    7.589335] systemd[1]: Mounting Huge Pages File System...
         Mounting Huge Pages File System...
[    7.592922] systemd[1]: Mounted POSIX Message Queue File System.
[[0;32m  OK  [0m] Mounted POSIX Message Queue File System.
[    7.596310] systemd[1]: Mounted Huge Pages File System.
[[0;32m  OK  [0m] Mounted Huge Pages File System.
[    7.598923] systemd[1]: Mounted Debug File System.
[[0;32m  OK  [0m] Mounted Debug File System.
[    7.601489] systemd[1]: Started Uncomplicated firewall.
[[0;32m  OK  [0m] Started Uncomplicated firewall.
[    7.604638] systemd[1]: Started Create list of required static device nodes for the current kernel.
[[0;32m  OK  [0m] Started Create list of required sta...ce nodes for the current kernel.
[    7.608118] systemd[1]: Started Remount Root and Kernel File Systems.
[[0;32m  OK  [0m] Started Remount Root and Kernel File Systems.
[    7.616103] Loading iSCSI transport class v2.0-870.
[    7.639985] systemd[1]: Starting udev Coldplug all Devices...
[    7.655940] iscsi: registered transport (tcp)
         Starting udev Coldplug all Devices...
[    7.663466] systemd[1]: Starting Load/Save Random Seed...
         Starting Load/Save Random Seed...
[    7.665768] systemd[1]: Starting Create Static Device Nodes in /dev...
         Starting Create Static Device Nodes in /dev...
[    7.668626] systemd[1]: Started Set console keymap.
[[0;32m  OK  [0m] Started Set console keymap.
[    7.671387] systemd[1]: Started Nameserver information manager.
[[0;32m  OK  [0m] Started Nameserver information manager.
[    7.705401] systemd[1]: Started Load/Save Random Seed.
[[0;32m  OK  [0m] Started Load/Save Random Seed.
[    7.760818] systemd[1]: Started udev Coldplug all Devices.
[[0;32m  OK  [0m] Started udev Coldplug all Devices.
[    7.779151] systemd[1]: Started Journal Service.
[[0;32m  OK  [0m] Started Journal Service.
         Starting Flush Journal to Persistent Storage...[    7.808928] iscsi: registered transport (iser)

[[0;32m  OK  [0m] Started Load Kernel Modules.
         Starting Apply Kernel Variables...
         Mounting FUSE Control File System...
[[0;32m  OK  [0m] Mounted FUSE Control File System.
[[0;32m  OK  [0m] Started LVM2 metadata daemon.
[    7.837566] systemd-journald[388]: Received request to flush runtime journal from PID 1
[[0;32m  OK  [0m] Started Flush Journal to Persistent Storage.
[[0;32m  OK  [0m] Started Apply Kernel Variables.
[[0;32m  OK  [0m] Started Create Static Device Nodes in /dev.
         Starting udev Kernel Device Manager...
[[0;32m  OK  [0m] Started udev Kernel Device Manager.
[[0;32m  OK  [0m] Started Dispatch Password Requests to Console Directory Watch.
[[0;32m  OK  [0m] Started Monitoring of LVM2 mirrors,...ng dmeventd or progress polling.
[[0;32m  OK  [0m] Reached target Local File Systems (Pre).
[[0;32m  OK  [0m] Reached target Local File Systems.
         Starting Set console font and keymap...
         Starting Initial cloud-init job (pre-networking)...
         Starting Commit a transient machine-id on disk...
         Starting Create Volatile Files and Directories...
         Starting Tell Plymouth To Write Out Runtime Data...
         Starting LSB: AppArmor initialization...
[[0;32m  OK  [0m] Found device /dev/ttyS0.
[[0;32m  OK  [0m] Started Create Volatile Files and Directories.
[[0;32m  OK  [0m] Started Commit a transient machine-id on disk.
[[0;32m  OK  [0m] Started Tell Plymouth To Write Out Runtime Data.
         Starting Update UTMP about System Boot/Shutdown...
[[0;32m  OK  [0m] Listening on Load/Save RF Kill Switch Status /dev/rfkill Watch.
[[0;32m  OK  [0m] Started Update UTMP about System Boot/Shutdown.
[[0;32m  OK  [0m] Started Set console font and keymap.
[[0;32m  OK  [0m] Created slice system-getty.slice.
[[0;32m  OK  [0m] Started LSB: AppArmor initialization.
[   10.025734] cloud-init[488]: Cloud-init v. 19.3-41-gc4735dd3-0ubuntu1~16.04.1 running 'init-local' at Thu, 23 Jan 2020 04:11:43 +0000. Up 9.62 seconds.
[[0;32m  OK  [0m] Started Initial cloud-init job (pre-networking).
[[0;32m  OK  [0m] Reached target Network (Pre).
         Starting Raise network interfaces...
[[0;32m  OK  [0m] Started Raise network interfaces.
         Starting Initial cloud-init job (metadata service crawler)...
[[0;32m  OK  [0m] Reached target Network.
[   11.895853] cloud-init[944]: Cloud-init v. 19.3-41-gc4735dd3-0ubuntu1~16.04.1 running 'init' at Thu, 23 Jan 2020 04:11:44 +0000. Up 10.62 seconds.
[   11.916197] cloud-init[944]: ci-info: ++++++++++++++++++++++++++++++++++++++Net device info++++++++++++++++++++++++++++++++++++++
[   11.918345] cloud-init[944]: ci-info: +--------+------+----------------------------+---------------+--------+-------------------+
[   11.920420] cloud-init[944]: ci-info: | Device |  Up  |          Address           |      Mask     | Scope  |     Hw-Address    |
[   11.933982] cloud-init[944]: ci-info: +--------+------+----------------------------+---------------+--------+-------------------+
[   11.936140] cloud-init[944]: ci-info: | enp0s3 | True |         10.0.2.15          | 255.255.255.0 | global | 02:dd:a3:75:e5:c1 |
[   11.938033] cloud-init[944]: ci-info: | enp0s3 | True | fe80::dd:a3ff:fe75:e5c1/64 |       .       |  link  | 02:dd:a3:75:e5:c1 |
[   11.939763] cloud-init[944]: ci-info: |   lo   | True |         127.0.0.1          |   255.0.0.0   |  host  |         .         |
[   11.954972] cloud-init[944]: ci-info: |   lo   | True |          ::1/128           |       .       |  host  |         .         |
[   11.957173] cloud-init[944]: ci-info: +--------+------+----------------------------+---------------+--------+-------------------+
[[0;32m  OK  [0m] Started Initial cloud-init job (metadata service crawler).
[[0;32m  OK  [0m] Reached target System Initialization.
[[0;32m  OK  [0m] Listening on UUID daemon activation socket.
[[0;32m  OK  [0m] Started Message of the Day.
[[0;32m  OK  [0m] Listening on ACPID Listen Socket.
[[0;32m  OK  [0m] Listening on D-Bus System Message Bus Socket.
[   11.971026] cloud-init[944]: ci-info: +++++++++++++++++++++++++++Route IPv4 info++++++++++++++++++++++++++++
[   12.000508] cloud-init[944]: ci-info: +-------+-------------+----------+---------------+-----------+-------+
[[0;32m  OK  [0m] Started Daily Cleanup of Temporary Directories.
         Starting Socket activation for snappy daemon.
[   12.004570] cloud-init[944]:          Starting LXD - unix socket.
ci-info: | Route | Destination | Gateway  |    Genmask    | Interface | Flags |[
[0;32m  OK  [0m] Started Daily apt download activities.
[   12.009982] [[0;32m  OK  [0m] Started Daily apt upgrade and clean activities.
[[0;32m  OK  [0m] Reached target Timers.
cloud-init[944]: ci-info: +-------+-------------+----------+---------------+-----------+-------+[[0;32m  OK  [0m] Started ACPI Events Check.
[[0;32m  OK  [0m] Reached target Paths.
[[0;32m  OK  [0m] Reached target Network is Online.

[   12.014873] cloud-init[944]: ci-info: |   0   |   0.0.0.0   | 10.0.2.2 |    0.0.0.0    |   enp0s3  |   UG  |
[   12.016751] cloud-init[944]: ci-info: |   1   |   10.0.2.0  | 0.0.0.0  | 255.255.255.0 |   enp0s3  |   U   |
[   12.018641] cloud-init[944]: ci-info: +-------+-------------+----------+---------------+-----------+-------+
[   12.020555] cloud-init[944]: ci-info: +++++++++++++++++++Route IPv6 info+++++++++++++++++++
[   12.022282] cloud-init[944]: ci-info: +-------+-------------+---------+-----------+-------+
[   12.025143] cloud-init[944]: ci-info: | Route | Destination | Gateway | Interface | Flags |
[   12.027013] cloud-init[944]: ci-info: +-------+-------------+---------+-----------+-------+         
Starting iSCSI initiator daemon (iscsid)...
[[0;32m  OK  [0m] Reached target Cloud-config availability.
[   12.028363] cloud-init[[0;32m  OK  [0m] Listening on Socket activation for snappy daemon.
[[0;32m  OK  [0m] Listening on LXD - unix socket.
[[0;32m  OK  [0m] Reached target Sockets.
[[0;32m  OK  [0m] Reached target Basic System.
         Starting Accounts Service...
[944]: ci-info: |   0   |  fe80::/64  |    ::   |   enp0s3  |   U   |
[   12.053805]          Starting Virtualbox guest utils...
cloud-init[944]: ci-info: |   3   |   ff00::/8  |    ::   |   enp0s3  |   U   |
[   12.055650] cloud-init[944]: ci-info: +-------+-------------+---------+-----------+-------+
[   12.057344] cloud-init[944]: Generating public/private rsa key pair.
[   12.058616] cloud-init[944]: Your identification has been saved in /etc/ssh/ssh_host_rsa_key.
[   12.060070] cloud-init[944]: Your public key has been saved in /etc/ssh/ssh_host_rsa_key.pub.
[   12.068008]          Starting Pollinate to seed the pseudo random number generator...
cloud-init[[0;32m  OK  [0m] Started D-Bus System Message Bus.
[944]: The key fingerprint is:
[   12.070893] cloud-init[944]: SHA256:s40acd5RTBrmIhWvKLKnBvC7SNe/sAVY0K0NA2U/fRM root@ubuntu-xenial
[   12.072476] cloud-init[944]: The key's randomart image is:
[   12.081936] cloud-init[944]: +---[RSA 2048]----+
[   12.082918] cloud-init[944]: |   o+o. o.oE.    |
[   12.090413] cloud-init[944]: |    o+.o.+ =.    |
[   12.095814] cloud-init[944]: |     .*o..+oo    |
[   12.096901] cloud-init[944]: |.   o. +.o...    |
[   12.097920] cloud-init[944]: |......o S .      |
[   12.117256] cloud-init[944]: |. .o...+ * .     |
[   12.119838] cloud-init[944]: | o.o.o..+ o      |
[   12.122336] cloud-init[944]: |..+o  =o         |
[   12.126710] cloud-init[944]: |..o. ..o.        |
[   12.132208] cloud-init[944]: +----[SHA256]-----+
[   12.133331] cloud-init[944]: Generating public/private dsa key pair.
[   12.138130] cloud-init[944]: Your identification has been saved in /etc/ssh/ssh_host_dsa_key.
[   12.142929] cloud-init[944]: Your public key has been saved in /etc/ssh/ssh_host_dsa_key.pub.
[   12.144448] cloud-init[944]: The key fingerprint is:
[   12.149882] cloud-init[944]: SHA256:MXjhm14iP4qtaDRrwn4fLYKkNOa6SiLVe+d3mtTX3H4 root@ubuntu-xenial
[   12.151619] cloud-init[944]: The key's randomart image is:
[   12.152869] cloud-init[944]: +---[DSA 1024]----+
[   12.153998] cloud-init[944]: |        .        |
[   12.155115] cloud-init[944]: |       o .       |
[   12.156258] cloud-init[944]: |      . =        |
[   12.157365] cloud-init[944]: |   .   . =       |
[   12.160080] cloud-init[944]: | =. . . S .      |
[   12.161289] cloud-init[944]: |*.=  ..+ o .   o.|
[   12.163428] cloud-init[944]: |== +.o..= . . . +|
[   12.164490] cloud-init[944]: |*.+o.+o+ o.... .E|
[   12.166597] cloud-init[944]: |**o +oo ..oo    o|
[   12.168740] cloud-init[944]: +----[SHA256]-----+
[   12.169883] cloud-init[944]: Generating public/private ecdsa key pair.
[   12.171229] cloud-init[944]: Your identification has been saved in /etc/ssh/ssh_host_ecdsa_key.
[   12.181374] cloud-init[944]: Your public key has been saved in /etc/ssh/ssh_host_ecdsa_key.pub.
[   12.184120] cloud-init[944]: The key fingerprint is:
[   12.185250] cloud-init[944]: SHA256:Vmb9ulVMOt+hJ2ncWWXit9TMzl35vlrF17QCc2kRI+s root@ubuntu-xenial
[   12.189002] cloud-init[944]: The key's randomart image is:
[   12.190118] cloud-init[944]: +---[ECDSA 256]---+
[   12.192247] cloud-init[944]: |           . +.  |
[   12.196857] cloud-init[944]: |           .o +  |
[   12.207088] cloud-init[944]: |          ++.+. =|
[   12.214613] cloud-init[944]: |         +. =o @*|
[   12.215802] cloud-init[944]: |        S  E .==#|
[   12.221902] cloud-init[944]: |       .    ..*B%|
[   12.222990] cloud-init[944]: |            .*.*B|
[   12.224033] cloud-init[944]: |            .o+. |
[   12.229511] cloud-init[944]: |            ....o|
[   12.233005] cloud-init[944]: +----[SHA256]-----+
[   12.239673] cloud-init[944]: Generating public/private ed25519 key pair.
[   12.241017] cloud-init[944]: Your identification has been saved in /etc/ssh/ssh_host_ed25519_key.
[   12.257596] cloud-init[944]: Your public key has been saved in /etc/ssh/ssh_host_ed25519_key.pub.
[   12.259419] cloud-init[944]: The key fingerprint is:
[   12.269294] cloud-init[944]: SHA256:jrb1624M3E+6DyaMdQiLU9TFLQ3pC4U01XxsL1gIsVU root@ubuntu-xenial
[   12.272980] cloud-init[944]: The key's randomart image is:
[   12.274640] cloud-init[944]: +--[ED25519 256]--+
[   12.276129] cloud-init[944]: |      .oo=*X.+E  |
[   12.277588] cloud-init[944]: |     .  o.=o* =  |
[   12.280914]          Starting LXD - container startup/shutdown...
[[0;32m  OK  [0m] Started Deferred execution scheduler.
[[0;32m  OK  [0m] Started FUSE filesystem for LXC.
cloud-init[944]: |      o  o.. = . |
[   12.285969] cloud-init[944]: |     o o... . . .|
[   12.287477] cloud-init[944]: |    o ..So..   . |
[   12.288995] cloud-init[944]: |     . *o.o .    |
[   12.290486] cloud-init[944]: |      + =oo+     |
[   12.291961] cloud-init[944]: |     . o ++..    |
[   12.294177] cloud-init[944]: |      .  +*+.    |
[[0;32m  OK  [0m] Started Regular background program processing daemon.
[   12.305232] cloud-init[944]: +----[SHA256]-----+
[[0;32m  OK  [0m] Started ACPI event daemon.
         Starting /etc/rc.local Compatibility...
         Starting LSB: Record successful boot for GRUB...
         Starting Login Service...
         Starting LSB: MD monitoring daemon...
         Starting System Logging Service...
         Starting Snappy daemon...
[[0;32m  OK  [0m] Started /etc/rc.local Compatibility.
[[0;32m  OK  [0m] Started System Logging Service.
[[0;32m  OK  [0m] Started iSCSI initiator daemon (iscsid).
         Starting Login to default iSCSI targets...
         Starting Authenticate and Authorize Users to Run Privileged Tasks...
[[0;32m  OK  [0m] Started Authenticate and Authorize Users to Run Privileged Tasks.
[[0;32m  OK  [0m] Started Accounts Service.
[[0;32m  OK  [0m] Started Login to default iSCSI targets.
[[0;32m  OK  [0m] Reached target Remote File Systems (Pre).
[[0;32m  OK  [0m] Reached target Remote File Systems.
         Starting Permit User Sessions...
         Starting LSB: daemon to balance interrupts for SMP systems...
         Starting LSB: Set the CPU Frequency Scaling governor to "ondemand"...
         Starting LSB: automatic crash report generation...
[[0;32m  OK  [0m] Started Login Service.
[[0;32m  OK  [0m] Started LSB: Record successful boot for GRUB.
[[0;32m  OK  [0m] Started Unattended Upgrades Shutdown.
[[0;32m  OK  [0m] Started LSB: Set the CPU Frequency Scaling governor to "ondemand".
[[0;32m  OK  [0m] Started Permit User Sessions.
[[0;32m  OK  [0m] Started LSB: daemon to balance interrupts for SMP systems.
         Starting Terminate Plymouth Boot Screen...
         Starting Hold until boot process finishes up...
[[0;32m  OK  [0m] Started Hold until boot process finishes up.
[[0;32m  OK  [0m] Started Terminate Plymouth Boot Screen.
[[0;32m  OK  [0m] Started Getty on tty1.
[[0;32m  OK  [0m] Started Serial Getty on ttyS0.
[[0;32m  OK  [0m] Reached target Login Prompts.
         Starting Set console scheme...
[[0;32m  OK  [0m] Started LSB: automatic crash report generation.
[[0;32m  OK  [0m] Started LSB: MD monitoring daemon.
[[0;32m  OK  [0m] Started Set console scheme.
[[0;32m  OK  [0m] Started Virtualbox guest utils.
[[0;32m  OK  [0m] Started Pollinate to seed the pseudo random number generator.
         Starting OpenBSD Secure Shell server...
[[0;32m  OK  [0m] Started OpenBSD Secure Shell server.
[[0;32m  OK  [0m] Started LXD - container startup/shutdown.
[[0;32m  OK  [0m] Created slice User Slice of vagrant.
         Starting User Manager for UID 1000...
[[0;32m  OK  [0m] Started Session 1 of user vagrant.
[[0;32m  OK  [0m] Started User Manager for UID 1000.
[[0;32m  OK  [0m] Started Snappy daemon.
         Starting Wait until snapd is fully seeded...
[[0;32m  OK  [0m] Started Wait until snapd is fully seeded.
         Starting Apply the settings specified in cloud-config...
[[0;32m  OK  [0m] Reached target Multi-User System.
[[0;32m  OK  [0m] Reached target Graphical Interface.
         Starting Update UTMP about System Runlevel Changes...
[[0;32m  OK  [0m] Started Update UTMP about System Runlevel Changes.
         Stopping User Manager for UID 1000...
[[0;32m  OK  [0m] Stopped User Manager for UID 1000.
[[0;32m  OK  [0m] Removed slice User Slice of vagrant.
[   16.298708] cloud-init[1453]: Generating locales (this might take a while)...
[[0;32m  OK  [0m] Created slice User Slice of vagrant.
         Starting User Manager for UID 1000...
[[0;32m  OK  [0m] Started Session 2 of user vagrant.
[[0;32m  OK  [0m] Started User Manager for UID 1000.
[   17.160158] cloud-init[1453]:   en_US.UTF-8... done
[   17.166271] cloud-init[1453]: Generation complete.
[   17.968749] cloud-init[1453]: Cloud-init v. 19.3-41-gc4735dd3-0ubuntu1~16.04.1 running 'modules:config' at Thu, 23 Jan 2020 04:11:49 +0000. Up 16.08 seconds.
ci-info: no authorized ssh keys fingerprints found for user ubuntu.
<14>Jan 23 04:11:52 ec2: 
<14>Jan 23 04:11:52 ec2: #############################################################
<14>Jan 23 04:11:52 ec2: -----BEGIN SSH HOST KEY FINGERPRINTS-----
<14>Jan 23 04:11:52 ec2: 1024 SHA256:MXjhm14iP4qtaDRrwn4fLYKkNOa6SiLVe+d3mtTX3H4 root@ubuntu-xenial (DSA)
<14>Jan 23 04:11:52 ec2: 256 SHA256:Vmb9ulVMOt+hJ2ncWWXit9TMzl35vlrF17QCc2kRI+s root@ubuntu-xenial (ECDSA)
<14>Jan 23 04:11:52 ec2: 256 SHA256:jrb1624M3E+6DyaMdQiLU9TFLQ3pC4U01XxsL1gIsVU root@ubuntu-xenial (ED25519)
<14>Jan 23 04:11:52 ec2: 2048 SHA256:s40acd5RTBrmIhWvKLKnBvC7SNe/sAVY0K0NA2U/fRM root@ubuntu-xenial (RSA)
<14>Jan 23 04:11:52 ec2: -----END SSH HOST KEY FINGERPRINTS-----
<14>Jan 23 04:11:52 ec2: #############################################################
-----BEGIN SSH HOST KEY KEYS-----
ecdsa-sha2-nistp256 AAAAE2VjZHNhLXNoYTItbmlzdHAyNTYAAAAIbmlzdHAyNTYAAABBBKL0CCLJNql+L/gaWKkxKYz8hhUY3woZVTQwc1qQtzwKfNFPXqywFxNgExmuODGNZnCVx31+LCWKZRn0VZuOqUo= root@ubuntu-xenial
ssh-ed25519 AAAAC3NzaC1lZDI1NTE5AAAAIKcoABzWLBv00C6We5iICxmvgNj0XRS56UE3pGmwOMzQ root@ubuntu-xenial
ssh-rsa AAAAB3NzaC1yc2EAAAADAQABAAABAQCvjAw44hiJ1AiYcZjSELfItFC7KgGzp9rAy+Q30X58QKPYfsuTQrWD7OvikDU08+5UTkayHabvRNGtda2DCuvnLTuAYhvz7JbdVaWE4Jm8NCpAJCpGfx9Y5JM2Qlq5iwWlIPVfLqljjMxb7ZIoz8trlIr5RfYQZBNHhN9wcqNtDj7fhyf8MYXGoJRBvnIut6QUGOi2EUv8gvuK9c1Ka5PtXCelmLGIerkLWrjM96N0uRkP8rmgsaRPZSb8gIQPqmDmqACwCiDt3zDX4uljjyk4WkEpF2N2Pg8ypPY+yvqzzFW+c4GvQrKORxOs6y9itNnuyTJJnsyjWk9ALktnm62L root@ubuntu-xenial
-----END SSH HOST KEY KEYS-----
[   18.451526] cloud-init[1648]: Cloud-init v. 19.3-41-gc4735dd3-0ubuntu1~16.04.1 running 'modules:final' at Thu, 23 Jan 2020 04:11:51 +0000. Up 18.28 seconds.
[   18.452148] cloud-init[1648]: ci-info: no authorized ssh keys fingerprints found for user ubuntu.
[   18.452347] cloud-init[1648]: Cloud-init v. 19.3-41-gc4735dd3-0ubuntu1~16.04.1 finished at Thu, 23 Jan 2020 04:11:52 +0000. Datasource DataSourceNoCloud [seed=/dev/sdb][dsmode=net].  Up 18.43 seconds

Ubuntu 16.04.6 LTS ubuntu-xenial ttyS0

ubuntu-xenial login: 